<?xml version="1.0" encoding="UTF-8"?>
<testsuite name="com.mylinkedlisttest.MyLinkedListTest" tests="4" skipped="0" failures="0" errors="0" timestamp="2021-03-26T14:14:01" hostname="DESKTOP-GFV8CMG" time="0.045">
  <properties/>
  <testcase name="given3NumberWhenInsertingSecondInBetweenShouldPassLinkedListResult()" classname="com.mylinkedlisttest.MyLinkedListTest" time="0.033"/>
  <testcase name="given3NumberWhenAppendShouldBeAddedToLast()" classname="com.mylinkedlisttest.MyLinkedListTest" time="0.003"/>
  <testcase name="given3NumberWhenPopTheFistNodeShouldPop()" classname="com.mylinkedlisttest.MyLinkedListTest" time="0.001"/>
  <testcase name="given3NumberWhenAddedToLinkedListShouldBeAddedToTop()" classname="com.mylinkedlisttest.MyLinkedListTest" time="0.004"/>
  <system-out><![CDATA[My Nodes: 56->30->70
My Nodes: 56->30->70
My Nodes: 30->70
My Nodes: 56->30->70
]]></system-out>
  <system-err><![CDATA[]]></system-err>
</testsuite>
