<?xml version="1.0" encoding="UTF-8"?>
<testsuite name="com.mylinkedlisttest.MyLinkedListTest" tests="1" skipped="0" failures="0" errors="0" timestamp="2021-03-26T15:06:46" hostname="DESKTOP-GFV8CMG" time="0.021">
  <properties/>
  <testcase name="given3NumberWhenSearchNodeShouldSearchAndShowResult()" classname="com.mylinkedlisttest.MyLinkedListTest" time="0.021"/>
  <system-out><![CDATA[My Nodes: 30
]]></system-out>
  <system-err><![CDATA[]]></system-err>
</testsuite>
