<?xml version="1.0" encoding="UTF-8"?>
<testsuite name="com.mylinkedlisttest.MyLinkedListTest" tests="1" skipped="0" failures="0" errors="0" timestamp="2021-03-25T16:38:44" hostname="DESKTOP-GFV8CMG" time="0.031">
  <properties/>
  <testcase name="given3NumberWhenInsertingSecondInBetweenShouldPassLinkedListResult()" classname="com.mylinkedlisttest.MyLinkedListTest" time="0.031"/>
  <system-out><![CDATA[My Nodes: 56->30->70
]]></system-out>
  <system-err><![CDATA[]]></system-err>
</testsuite>
