<?xml version="1.0" encoding="UTF-8"?>
<testsuite name="com.mylinkedlisttest.MyLinkedListTest" tests="1" skipped="0" failures="0" errors="0" timestamp="2021-03-26T14:42:58" hostname="DESKTOP-GFV8CMG" time="0.02">
  <properties/>
  <testcase name="given3NumberWhenPopTheLastNodeShouldPop()" classname="com.mylinkedlisttest.MyLinkedListTest" time="0.02"/>
  <system-out><![CDATA[My Nodes: 56->3070
]]></system-out>
  <system-err><![CDATA[]]></system-err>
</testsuite>
